<?xml version="1.0" encoding="UTF-8"?>
<robot generator="Robot 5.0.1 (Python 3.9.5 on win32)" generated="20221007 17:06:43.663" rpa="false" schemaversion="3">
<suite id="s1" name="CDA Testsuite" source="C:\Users\grees\Documents\BITS\C7\EC3A\cda_web\test\CDA_Testsuite.robot">
<test id="s1-t1" name="Test1_TitleTest" line="8">
<kw name="startBrowserAndAccessSpecifiedPage" library="keywords">
<arg>${home_page_url}</arg>
<kw name="Open Browser" library="SeleniumLibrary">
<arg>${url}</arg>
<arg>${browser}</arg>
<arg>options=add_argument("--disable-popup-blocking"); add_argument("--ignore-certificate-errors"); add_argument("--no-sandbox"); add_argument("--disable-extensions"); add_argument("--disable-dev-shm-usage"); add_argument("--window-size=1200,1100"); add_argument("--allow-running-insecure-content")</arg>
<doc>Opens a new browser instance to the optional ``url``.</doc>
<msg timestamp="20221007 17:06:43.948" level="INFO">Opening browser 'headlesschrome' to base url 'http://localhost:3000/'.</msg>
<status status="PASS" starttime="20221007 17:06:43.948" endtime="20221007 17:06:47.025"/>
</kw>
<kw name="Maximize Browser Window" library="SeleniumLibrary">
<doc>Maximizes current browser window.</doc>
<status status="PASS" starttime="20221007 17:06:47.025" endtime="20221007 17:06:47.155"/>
</kw>
<kw name="Set Browser Implicit Wait" library="SeleniumLibrary">
<arg>${short_wait_time}</arg>
<doc>Sets the implicit wait value used by Selenium.</doc>
<status status="PASS" starttime="20221007 17:06:47.155" endtime="20221007 17:06:47.157"/>
</kw>
<kw name="Log To Console" library="BuiltIn">
<arg>Accessed Chemometrics Data Analyzer</arg>
<doc>Logs the given message to the console.</doc>
<status status="PASS" starttime="20221007 17:06:47.157" endtime="20221007 17:06:47.158"/>
</kw>
<status status="PASS" starttime="20221007 17:06:43.948" endtime="20221007 17:06:47.158"/>
</kw>
<kw name="verifyTitle" library="keywords">
<arg>${page_title}</arg>
<kw name="Title Should Be" library="SeleniumLibrary">
<arg>${title}</arg>
<doc>Verifies that the current page title equals ``title``.</doc>
<msg timestamp="20221007 17:06:47.167" level="INFO">Page title is 'ChemometricsDataAnalyzer'.</msg>
<status status="PASS" starttime="20221007 17:06:47.160" endtime="20221007 17:06:47.168"/>
</kw>
<kw name="Log To Console" library="BuiltIn">
<arg>Title-${title} verified---!</arg>
<doc>Logs the given message to the console.</doc>
<status status="PASS" starttime="20221007 17:06:47.168" endtime="20221007 17:06:47.168"/>
</kw>
<status status="PASS" starttime="20221007 17:06:47.159" endtime="20221007 17:06:47.169"/>
</kw>
<kw name="Close All Browsers" library="SeleniumLibrary" type="TEARDOWN">
<doc>Closes all open browsers and resets the browser cache.</doc>
<status status="PASS" starttime="20221007 17:06:47.169" endtime="20221007 17:06:49.264"/>
</kw>
<status status="PASS" starttime="20221007 17:06:43.948" endtime="20221007 17:06:49.264"/>
</test>
<test id="s1-t2" name="Test2_ValidAdminLogin" line="12">
<kw name="startBrowserAndAccessSpecifiedPage" library="keywords">
<arg>${home_page_url}</arg>
<kw name="Open Browser" library="SeleniumLibrary">
<arg>${url}</arg>
<arg>${browser}</arg>
<arg>options=add_argument("--disable-popup-blocking"); add_argument("--ignore-certificate-errors"); add_argument("--no-sandbox"); add_argument("--disable-extensions"); add_argument("--disable-dev-shm-usage"); add_argument("--window-size=1200,1100"); add_argument("--allow-running-insecure-content")</arg>
<doc>Opens a new browser instance to the optional ``url``.</doc>
<msg timestamp="20221007 17:06:49.264" level="INFO">Opening browser 'headlesschrome' to base url 'http://localhost:3000/'.</msg>
<status status="PASS" starttime="20221007 17:06:49.264" endtime="20221007 17:06:52.155"/>
</kw>
<kw name="Maximize Browser Window" library="SeleniumLibrary">
<doc>Maximizes current browser window.</doc>
<status status="PASS" starttime="20221007 17:06:52.156" endtime="20221007 17:06:52.280"/>
</kw>
<kw name="Set Browser Implicit Wait" library="SeleniumLibrary">
<arg>${short_wait_time}</arg>
<doc>Sets the implicit wait value used by Selenium.</doc>
<status status="PASS" starttime="20221007 17:06:52.280" endtime="20221007 17:06:52.283"/>
</kw>
<kw name="Log To Console" library="BuiltIn">
<arg>Accessed Chemometrics Data Analyzer</arg>
<doc>Logs the given message to the console.</doc>
<status status="PASS" starttime="20221007 17:06:52.283" endtime="20221007 17:06:52.284"/>
</kw>
<status status="PASS" starttime="20221007 17:06:49.264" endtime="20221007 17:06:52.284"/>
</kw>
<kw name="InputValidUsernamePasswordAndSubmit" library="keywords">
<arg>${admin_username}</arg>
<arg>${admin_password}</arg>
<kw name="checkWebElementIsVisibleAndIsEnabled" library="keywords">
<arg>${login_btn}</arg>
<kw name="Set Selenium Timeout" library="SeleniumLibrary">
<arg>${long_wait_time}</arg>
<doc>Sets the timeout that is used by various keywords.</doc>
<status status="PASS" starttime="20221007 17:06:52.286" endtime="20221007 17:06:52.288"/>
</kw>
<kw name="Wait Until Element Is Visible" library="SeleniumLibrary">
<arg>${webElement}</arg>
<doc>Waits until the element ``locator`` is visible.</doc>
<status status="PASS" starttime="20221007 17:06:52.288" endtime="20221007 17:06:52.327"/>
</kw>
<kw name="Wait Until Element Is Enabled" library="SeleniumLibrary">
<arg>${webElement}</arg>
<doc>Waits until the element ``locator`` is enabled.</doc>
<status status="PASS" starttime="20221007 17:06:52.327" endtime="20221007 17:06:52.373"/>
</kw>
<kw name="Set Selenium Timeout" library="SeleniumLibrary">
<arg>${short_wait_time}</arg>
<doc>Sets the timeout that is used by various keywords.</doc>
<status status="PASS" starttime="20221007 17:06:52.373" endtime="20221007 17:06:52.376"/>
</kw>
<status status="PASS" starttime="20221007 17:06:52.285" endtime="20221007 17:06:52.376"/>
</kw>
<kw name="Input Text" library="SeleniumLibrary">
<arg>${username_textbox}</arg>
<arg>${username}</arg>
<doc>Types the given ``text`` into the text field identified by ``locator``.</doc>
<msg timestamp="20221007 17:06:52.377" level="INFO">Typing text 'admin' into text field 'username'.</msg>
<status status="PASS" starttime="20221007 17:06:52.376" endtime="20221007 17:06:52.496"/>
</kw>
<kw name="Input Text" library="SeleniumLibrary">
<arg>${password_textbox}</arg>
<arg>${password}</arg>
<doc>Types the given ``text`` into the text field identified by ``locator``.</doc>
<msg timestamp="20221007 17:06:52.497" level="INFO">Typing text 'admin@123' into text field 'password'.</msg>
<status status="PASS" starttime="20221007 17:06:52.496" endtime="20221007 17:06:52.642"/>
</kw>
<kw name="waitUntilElementIsEnabledAndClick" library="keywords">
<arg>${login_btn}</arg>
<arg>Login-Button</arg>
<kw name="checkWebElementIsVisibleAndIsEnabled" library="keywords">
<arg>${element_locator}</arg>
<kw name="Set Selenium Timeout" library="SeleniumLibrary">
<arg>${long_wait_time}</arg>
<doc>Sets the timeout that is used by various keywords.</doc>
<status status="PASS" starttime="20221007 17:06:52.645" endtime="20221007 17:06:52.648"/>
</kw>
<kw name="Wait Until Element Is Visible" library="SeleniumLibrary">
<arg>${webElement}</arg>
<doc>Waits until the element ``locator`` is visible.</doc>
<status status="PASS" starttime="20221007 17:06:52.649" endtime="20221007 17:06:52.679"/>
</kw>
<kw name="Wait Until Element Is Enabled" library="SeleniumLibrary">
<arg>${webElement}</arg>
<doc>Waits until the element ``locator`` is enabled.</doc>
<status status="PASS" starttime="20221007 17:06:52.680" endtime="20221007 17:06:52.717"/>
</kw>
<kw name="Set Selenium Timeout" library="SeleniumLibrary">
<arg>${short_wait_time}</arg>
<doc>Sets the timeout that is used by various keywords.</doc>
<status status="PASS" starttime="20221007 17:06:52.718" endtime="20221007 17:06:52.720"/>
</kw>
<status status="PASS" starttime="20221007 17:06:52.644" endtime="20221007 17:06:52.720"/>
</kw>
<kw name="Element Should Be Enabled" library="SeleniumLibrary">
<arg>${element_locator}</arg>
<doc>Verifies that element identified by ``locator`` is enabled.</doc>
<status status="PASS" starttime="20221007 17:06:52.721" endtime="20221007 17:06:52.759"/>
</kw>
<kw name="Click Element" library="SeleniumLibrary">
<arg>${element_locator}</arg>
<doc>Click the element identified by ``locator``.</doc>
<msg timestamp="20221007 17:06:52.760" level="INFO">Clicking element 'submit'.</msg>
<status status="PASS" starttime="20221007 17:06:52.759" endtime="20221007 17:06:52.839"/>
</kw>
<kw name="Log To Console" library="BuiltIn">
<arg>'${output_msg}' Clicked</arg>
<doc>Logs the given message to the console.</doc>
<status status="PASS" starttime="20221007 17:06:52.839" endtime="20221007 17:06:52.840"/>
</kw>
<kw name="Set Selenium Timeout" library="SeleniumLibrary">
<arg>${short_wait_time}</arg>
<doc>Sets the timeout that is used by various keywords.</doc>
<status status="PASS" starttime="20221007 17:06:52.841" endtime="20221007 17:06:52.843"/>
</kw>
<status status="PASS" starttime="20221007 17:06:52.643" endtime="20221007 17:06:52.844"/>
</kw>
<status status="PASS" starttime="20221007 17:06:52.284" endtime="20221007 17:06:52.844"/>
</kw>
<kw name="checkHomePageWithSpecifiedUsername" library="keywords">
<arg>${admin_username}</arg>
<kw name="Page Should Contain Element" library="SeleniumLibrary">
<arg>${welcome_msg_box}</arg>
<doc>Verifies that element ``locator`` is found on the current page.</doc>
<msg timestamp="20221007 17:06:55.620" level="INFO">Current page contains element 'xpath=//h2[text()='Welcome ']'.</msg>
<status status="PASS" starttime="20221007 17:06:52.846" endtime="20221007 17:06:55.621"/>
</kw>
<kw name="Page Should Contain" library="SeleniumLibrary">
<arg>${name}</arg>
<doc>Verifies that current page contains ``text``.</doc>
<msg timestamp="20221007 17:06:55.700" level="INFO">Current page contains text 'admin'.</msg>
<status status="PASS" starttime="20221007 17:06:55.621" endtime="20221007 17:06:55.700"/>
</kw>
<kw name="Log To Console" library="BuiltIn">
<arg>!----Homepage is displayed successfully with Welcome message for username-${name}------!</arg>
<doc>Logs the given message to the console.</doc>
<status status="PASS" starttime="20221007 17:06:55.700" endtime="20221007 17:06:55.700"/>
</kw>
<status status="PASS" starttime="20221007 17:06:52.845" endtime="20221007 17:06:55.700"/>
</kw>
<kw name="Close All Browsers" library="SeleniumLibrary" type="TEARDOWN">
<doc>Closes all open browsers and resets the browser cache.</doc>
<status status="PASS" starttime="20221007 17:06:55.700" endtime="20221007 17:06:57.787"/>
</kw>
<status status="PASS" starttime="20221007 17:06:49.264" endtime="20221007 17:06:57.787"/>
</test>
<test id="s1-t3" name="Test3_ValidGeneralUserLogin" line="17">
<kw name="startBrowserAndAccessSpecifiedPage" library="keywords">
<arg>${home_page_url}</arg>
<kw name="Open Browser" library="SeleniumLibrary">
<arg>${url}</arg>
<arg>${browser}</arg>
<arg>options=add_argument("--disable-popup-blocking"); add_argument("--ignore-certificate-errors"); add_argument("--no-sandbox"); add_argument("--disable-extensions"); add_argument("--disable-dev-shm-usage"); add_argument("--window-size=1200,1100"); add_argument("--allow-running-insecure-content")</arg>
<doc>Opens a new browser instance to the optional ``url``.</doc>
<msg timestamp="20221007 17:06:57.787" level="INFO">Opening browser 'headlesschrome' to base url 'http://localhost:3000/'.</msg>
<status status="PASS" starttime="20221007 17:06:57.787" endtime="20221007 17:07:00.741"/>
</kw>
<kw name="Maximize Browser Window" library="SeleniumLibrary">
<doc>Maximizes current browser window.</doc>
<status status="PASS" starttime="20221007 17:07:00.742" endtime="20221007 17:07:00.865"/>
</kw>
<kw name="Set Browser Implicit Wait" library="SeleniumLibrary">
<arg>${short_wait_time}</arg>
<doc>Sets the implicit wait value used by Selenium.</doc>
<status status="PASS" starttime="20221007 17:07:00.865" endtime="20221007 17:07:00.867"/>
</kw>
<kw name="Log To Console" library="BuiltIn">
<arg>Accessed Chemometrics Data Analyzer</arg>
<doc>Logs the given message to the console.</doc>
<status status="PASS" starttime="20221007 17:07:00.868" endtime="20221007 17:07:00.868"/>
</kw>
<status status="PASS" starttime="20221007 17:06:57.787" endtime="20221007 17:07:00.869"/>
</kw>
<kw name="InputValidUsernamePasswordAndSubmit" library="keywords">
<arg>${general_username}</arg>
<arg>${general_password}</arg>
<kw name="checkWebElementIsVisibleAndIsEnabled" library="keywords">
<arg>${login_btn}</arg>
<kw name="Set Selenium Timeout" library="SeleniumLibrary">
<arg>${long_wait_time}</arg>
<doc>Sets the timeout that is used by various keywords.</doc>
<status status="PASS" starttime="20221007 17:07:00.871" endtime="20221007 17:07:00.873"/>
</kw>
<kw name="Wait Until Element Is Visible" library="SeleniumLibrary">
<arg>${webElement}</arg>
<doc>Waits until the element ``locator`` is visible.</doc>
<status status="PASS" starttime="20221007 17:07:00.873" endtime="20221007 17:07:00.915"/>
</kw>
<kw name="Wait Until Element Is Enabled" library="SeleniumLibrary">
<arg>${webElement}</arg>
<doc>Waits until the element ``locator`` is enabled.</doc>
<status status="PASS" starttime="20221007 17:07:00.915" endtime="20221007 17:07:00.957"/>
</kw>
<kw name="Set Selenium Timeout" library="SeleniumLibrary">
<arg>${short_wait_time}</arg>
<doc>Sets the timeout that is used by various keywords.</doc>
<status status="PASS" starttime="20221007 17:07:00.958" endtime="20221007 17:07:00.960"/>
</kw>
<status status="PASS" starttime="20221007 17:07:00.870" endtime="20221007 17:07:00.960"/>
</kw>
<kw name="Input Text" library="SeleniumLibrary">
<arg>${username_textbox}</arg>
<arg>${username}</arg>
<doc>Types the given ``text`` into the text field identified by ``locator``.</doc>
<msg timestamp="20221007 17:07:00.961" level="INFO">Typing text 'gen1' into text field 'username'.</msg>
<status status="PASS" starttime="20221007 17:07:00.960" endtime="20221007 17:07:01.081"/>
</kw>
<kw name="Input Text" library="SeleniumLibrary">
<arg>${password_textbox}</arg>
<arg>${password}</arg>
<doc>Types the given ``text`` into the text field identified by ``locator``.</doc>
<msg timestamp="20221007 17:07:01.082" level="INFO">Typing text 'user@123' into text field 'password'.</msg>
<status status="PASS" starttime="20221007 17:07:01.081" endtime="20221007 17:07:01.226"/>
</kw>
<kw name="waitUntilElementIsEnabledAndClick" library="keywords">
<arg>${login_btn}</arg>
<arg>Login-Button</arg>
<kw name="checkWebElementIsVisibleAndIsEnabled" library="keywords">
<arg>${element_locator}</arg>
<kw name="Set Selenium Timeout" library="SeleniumLibrary">
<arg>${long_wait_time}</arg>
<doc>Sets the timeout that is used by various keywords.</doc>
<status status="PASS" starttime="20221007 17:07:01.229" endtime="20221007 17:07:01.232"/>
</kw>
<kw name="Wait Until Element Is Visible" library="SeleniumLibrary">
<arg>${webElement}</arg>
<doc>Waits until the element ``locator`` is visible.</doc>
<status status="PASS" starttime="20221007 17:07:01.233" endtime="20221007 17:07:01.266"/>
</kw>
<kw name="Wait Until Element Is Enabled" library="SeleniumLibrary">
<arg>${webElement}</arg>
<doc>Waits until the element ``locator`` is enabled.</doc>
<status status="PASS" starttime="20221007 17:07:01.267" endtime="20221007 17:07:01.304"/>
</kw>
<kw name="Set Selenium Timeout" library="SeleniumLibrary">
<arg>${short_wait_time}</arg>
<doc>Sets the timeout that is used by various keywords.</doc>
<status status="PASS" starttime="20221007 17:07:01.304" endtime="20221007 17:07:01.307"/>
</kw>
<status status="PASS" starttime="20221007 17:07:01.228" endtime="20221007 17:07:01.307"/>
</kw>
<kw name="Element Should Be Enabled" library="SeleniumLibrary">
<arg>${element_locator}</arg>
<doc>Verifies that element identified by ``locator`` is enabled.</doc>
<status status="PASS" starttime="20221007 17:07:01.308" endtime="20221007 17:07:01.342"/>
</kw>
<kw name="Click Element" library="SeleniumLibrary">
<arg>${element_locator}</arg>
<doc>Click the element identified by ``locator``.</doc>
<msg timestamp="20221007 17:07:01.343" level="INFO">Clicking element 'submit'.</msg>
<status status="PASS" starttime="20221007 17:07:01.342" endtime="20221007 17:07:01.424"/>
</kw>
<kw name="Log To Console" library="BuiltIn">
<arg>'${output_msg}' Clicked</arg>
<doc>Logs the given message to the console.</doc>
<status status="PASS" starttime="20221007 17:07:01.424" endtime="20221007 17:07:01.425"/>
</kw>
<kw name="Set Selenium Timeout" library="SeleniumLibrary">
<arg>${short_wait_time}</arg>
<doc>Sets the timeout that is used by various keywords.</doc>
<status status="PASS" starttime="20221007 17:07:01.426" endtime="20221007 17:07:01.430"/>
</kw>
<status status="PASS" starttime="20221007 17:07:01.227" endtime="20221007 17:07:01.430"/>
</kw>
<status status="PASS" starttime="20221007 17:07:00.869" endtime="20221007 17:07:01.430"/>
</kw>
<kw name="checkHomePageWithSpecifiedUsername" library="keywords">
<arg>${general_username}</arg>
<kw name="Page Should Contain Element" library="SeleniumLibrary">
<arg>${welcome_msg_box}</arg>
<doc>Verifies that element ``locator`` is found on the current page.</doc>
<msg timestamp="20221007 17:07:01.801" level="INFO">Current page contains element 'xpath=//h2[text()='Welcome ']'.</msg>
<status status="PASS" starttime="20221007 17:07:01.433" endtime="20221007 17:07:01.801"/>
</kw>
<kw name="Page Should Contain" library="SeleniumLibrary">
<arg>${name}</arg>
<doc>Verifies that current page contains ``text``.</doc>
<msg timestamp="20221007 17:07:01.882" level="INFO">Current page contains text 'gen1'.</msg>
<status status="PASS" starttime="20221007 17:07:01.801" endtime="20221007 17:07:01.882"/>
</kw>
<kw name="Log To Console" library="BuiltIn">
<arg>!----Homepage is displayed successfully with Welcome message for username-${name}------!</arg>
<doc>Logs the given message to the console.</doc>
<status status="PASS" starttime="20221007 17:07:01.882" endtime="20221007 17:07:01.882"/>
</kw>
<status status="PASS" starttime="20221007 17:07:01.432" endtime="20221007 17:07:01.882"/>
</kw>
<kw name="Close All Browsers" library="SeleniumLibrary" type="TEARDOWN">
<doc>Closes all open browsers and resets the browser cache.</doc>
<status status="PASS" starttime="20221007 17:07:01.882" endtime="20221007 17:07:03.981"/>
</kw>
<status status="PASS" starttime="20221007 17:06:57.787" endtime="20221007 17:07:03.981"/>
</test>
<test id="s1-t4" name="Test4_AnalyzeData" line="22">
<kw name="startBrowserAndAccessSpecifiedPage" library="keywords">
<arg>${analyze_page_url}</arg>
<kw name="Open Browser" library="SeleniumLibrary">
<arg>${url}</arg>
<arg>${browser}</arg>
<arg>options=add_argument("--disable-popup-blocking"); add_argument("--ignore-certificate-errors"); add_argument("--no-sandbox"); add_argument("--disable-extensions"); add_argument("--disable-dev-shm-usage"); add_argument("--window-size=1200,1100"); add_argument("--allow-running-insecure-content")</arg>
<doc>Opens a new browser instance to the optional ``url``.</doc>
<msg timestamp="20221007 17:07:03.981" level="INFO">Opening browser 'headlesschrome' to base url 'http://localhost:3000/loggedin/analyzeData'.</msg>
<status status="PASS" starttime="20221007 17:07:03.981" endtime="20221007 17:07:06.936"/>
</kw>
<kw name="Maximize Browser Window" library="SeleniumLibrary">
<doc>Maximizes current browser window.</doc>
<status status="PASS" starttime="20221007 17:07:06.936" endtime="20221007 17:07:07.103"/>
</kw>
<kw name="Set Browser Implicit Wait" library="SeleniumLibrary">
<arg>${short_wait_time}</arg>
<doc>Sets the implicit wait value used by Selenium.</doc>
<status status="PASS" starttime="20221007 17:07:07.103" endtime="20221007 17:07:07.106"/>
</kw>
<kw name="Log To Console" library="BuiltIn">
<arg>Accessed Chemometrics Data Analyzer</arg>
<doc>Logs the given message to the console.</doc>
<status status="PASS" starttime="20221007 17:07:07.106" endtime="20221007 17:07:07.106"/>
</kw>
<status status="PASS" starttime="20221007 17:07:03.981" endtime="20221007 17:07:07.107"/>
</kw>
<kw name="InputValidUsernamePasswordAndSubmit" library="keywords">
<arg>${admin_username}</arg>
<arg>${admin_password}</arg>
<kw name="checkWebElementIsVisibleAndIsEnabled" library="keywords">
<arg>${login_btn}</arg>
<kw name="Set Selenium Timeout" library="SeleniumLibrary">
<arg>${long_wait_time}</arg>
<doc>Sets the timeout that is used by various keywords.</doc>
<status status="PASS" starttime="20221007 17:07:07.109" endtime="20221007 17:07:07.111"/>
</kw>
<kw name="Wait Until Element Is Visible" library="SeleniumLibrary">
<arg>${webElement}</arg>
<doc>Waits until the element ``locator`` is visible.</doc>
<status status="PASS" starttime="20221007 17:07:07.111" endtime="20221007 17:07:07.148"/>
</kw>
<kw name="Wait Until Element Is Enabled" library="SeleniumLibrary">
<arg>${webElement}</arg>
<doc>Waits until the element ``locator`` is enabled.</doc>
<status status="PASS" starttime="20221007 17:07:07.148" endtime="20221007 17:07:07.207"/>
</kw>
<kw name="Set Selenium Timeout" library="SeleniumLibrary">
<arg>${short_wait_time}</arg>
<doc>Sets the timeout that is used by various keywords.</doc>
<status status="PASS" starttime="20221007 17:07:07.207" endtime="20221007 17:07:07.209"/>
</kw>
<status status="PASS" starttime="20221007 17:07:07.108" endtime="20221007 17:07:07.210"/>
</kw>
<kw name="Input Text" library="SeleniumLibrary">
<arg>${username_textbox}</arg>
<arg>${username}</arg>
<doc>Types the given ``text`` into the text field identified by ``locator``.</doc>
<msg timestamp="20221007 17:07:07.210" level="INFO">Typing text 'admin' into text field 'username'.</msg>
<status status="PASS" starttime="20221007 17:07:07.210" endtime="20221007 17:07:07.360"/>
</kw>
<kw name="Input Text" library="SeleniumLibrary">
<arg>${password_textbox}</arg>
<arg>${password}</arg>
<doc>Types the given ``text`` into the text field identified by ``locator``.</doc>
<msg timestamp="20221007 17:07:07.361" level="INFO">Typing text 'admin@123' into text field 'password'.</msg>
<status status="PASS" starttime="20221007 17:07:07.361" endtime="20221007 17:07:07.582"/>
</kw>
<kw name="waitUntilElementIsEnabledAndClick" library="keywords">
<arg>${login_btn}</arg>
<arg>Login-Button</arg>
<kw name="checkWebElementIsVisibleAndIsEnabled" library="keywords">
<arg>${element_locator}</arg>
<kw name="Set Selenium Timeout" library="SeleniumLibrary">
<arg>${long_wait_time}</arg>
<doc>Sets the timeout that is used by various keywords.</doc>
<status status="PASS" starttime="20221007 17:07:07.585" endtime="20221007 17:07:07.587"/>
</kw>
<kw name="Wait Until Element Is Visible" library="SeleniumLibrary">
<arg>${webElement}</arg>
<doc>Waits until the element ``locator`` is visible.</doc>
<status status="PASS" starttime="20221007 17:07:07.588" endtime="20221007 17:07:07.617"/>
</kw>
<kw name="Wait Until Element Is Enabled" library="SeleniumLibrary">
<arg>${webElement}</arg>
<doc>Waits until the element ``locator`` is enabled.</doc>
<status status="PASS" starttime="20221007 17:07:07.618" endtime="20221007 17:07:07.651"/>
</kw>
<kw name="Set Selenium Timeout" library="SeleniumLibrary">
<arg>${short_wait_time}</arg>
<doc>Sets the timeout that is used by various keywords.</doc>
<status status="PASS" starttime="20221007 17:07:07.651" endtime="20221007 17:07:07.653"/>
</kw>
<status status="PASS" starttime="20221007 17:07:07.584" endtime="20221007 17:07:07.653"/>
</kw>
<kw name="Element Should Be Enabled" library="SeleniumLibrary">
<arg>${element_locator}</arg>
<doc>Verifies that element identified by ``locator`` is enabled.</doc>
<status status="PASS" starttime="20221007 17:07:07.654" endtime="20221007 17:07:07.685"/>
</kw>
<kw name="Click Element" library="SeleniumLibrary">
<arg>${element_locator}</arg>
<doc>Click the element identified by ``locator``.</doc>
<msg timestamp="20221007 17:07:07.686" level="INFO">Clicking element 'submit'.</msg>
<status status="PASS" starttime="20221007 17:07:07.685" endtime="20221007 17:07:07.791"/>
</kw>
<kw name="Log To Console" library="BuiltIn">
<arg>'${output_msg}' Clicked</arg>
<doc>Logs the given message to the console.</doc>
<status status="PASS" starttime="20221007 17:07:07.791" endtime="20221007 17:07:07.792"/>
</kw>
<kw name="Set Selenium Timeout" library="SeleniumLibrary">
<arg>${short_wait_time}</arg>
<doc>Sets the timeout that is used by various keywords.</doc>
<status status="PASS" starttime="20221007 17:07:07.793" endtime="20221007 17:07:07.795"/>
</kw>
<status status="PASS" starttime="20221007 17:07:07.583" endtime="20221007 17:07:07.796"/>
</kw>
<status status="PASS" starttime="20221007 17:07:07.108" endtime="20221007 17:07:07.796"/>
</kw>
<kw name="UploadFileAndSelectDataModelToAnalyzeAndConfirmResultPage" library="keywords">
<arg>${file_name}</arg>
<arg>${model_name}</arg>
<kw name="Log To Console" library="BuiltIn">
<arg>!--------Checking Analyze feature------!</arg>
<doc>Logs the given message to the console.</doc>
<status status="PASS" starttime="20221007 17:07:07.798" endtime="20221007 17:07:07.798"/>
</kw>
<kw name="Choose File" library="SeleniumLibrary">
<arg>fileupload</arg>
<arg>${EXECDIR}/${file_name}</arg>
<doc>Inputs the ``file_path`` into the file input field ``locator``.</doc>
<msg timestamp="20221007 17:07:07.799" level="INFO">Sending C:\Users\grees\Documents\BITS\C7\EC3A\cda_web\test\Inputs\DataSample_1.csv to browser.</msg>
<status status="PASS" starttime="20221007 17:07:07.799" endtime="20221007 17:07:08.429"/>
</kw>
<kw name="Log To Console" library="BuiltIn">
<arg>!-------File uploaded suucessfully--------!</arg>
<doc>Logs the given message to the console.</doc>
<status status="PASS" starttime="20221007 17:07:08.430" endtime="20221007 17:07:08.430"/>
</kw>
<kw name="waitUntilElementIsEnabledAndClick" library="keywords">
<arg>//select</arg>
<arg>Model-dropdown</arg>
<kw name="checkWebElementIsVisibleAndIsEnabled" library="keywords">
<arg>${element_locator}</arg>
<kw name="Set Selenium Timeout" library="SeleniumLibrary">
<arg>${long_wait_time}</arg>
<doc>Sets the timeout that is used by various keywords.</doc>
<status status="PASS" starttime="20221007 17:07:08.431" endtime="20221007 17:07:08.434"/>
</kw>
<kw name="Wait Until Element Is Visible" library="SeleniumLibrary">
<arg>${webElement}</arg>
<doc>Waits until the element ``locator`` is visible.</doc>
<status status="PASS" starttime="20221007 17:07:08.434" endtime="20221007 17:07:08.470"/>
</kw>
<kw name="Wait Until Element Is Enabled" library="SeleniumLibrary">
<arg>${webElement}</arg>
<doc>Waits until the element ``locator`` is enabled.</doc>
<status status="PASS" starttime="20221007 17:07:08.470" endtime="20221007 17:07:08.501"/>
</kw>
<kw name="Set Selenium Timeout" library="SeleniumLibrary">
<arg>${short_wait_time}</arg>
<doc>Sets the timeout that is used by various keywords.</doc>
<status status="PASS" starttime="20221007 17:07:08.501" endtime="20221007 17:07:08.501"/>
</kw>
<status status="PASS" starttime="20221007 17:07:08.431" endtime="20221007 17:07:08.501"/>
</kw>
<kw name="Element Should Be Enabled" library="SeleniumLibrary">
<arg>${element_locator}</arg>
<doc>Verifies that element identified by ``locator`` is enabled.</doc>
<status status="PASS" starttime="20221007 17:07:08.501" endtime="20221007 17:07:08.542"/>
</kw>
<kw name="Click Element" library="SeleniumLibrary">
<arg>${element_locator}</arg>
<doc>Click the element identified by ``locator``.</doc>
<msg timestamp="20221007 17:07:08.542" level="INFO">Clicking element '//select'.</msg>
<status status="PASS" starttime="20221007 17:07:08.542" endtime="20221007 17:07:08.612"/>
</kw>
<kw name="Log To Console" library="BuiltIn">
<arg>'${output_msg}' Clicked</arg>
<doc>Logs the given message to the console.</doc>
<status status="PASS" starttime="20221007 17:07:08.612" endtime="20221007 17:07:08.613"/>
</kw>
<kw name="Set Selenium Timeout" library="SeleniumLibrary">
<arg>${short_wait_time}</arg>
<doc>Sets the timeout that is used by various keywords.</doc>
<status status="PASS" starttime="20221007 17:07:08.613" endtime="20221007 17:07:08.616"/>
</kw>
<status status="PASS" starttime="20221007 17:07:08.430" endtime="20221007 17:07:08.616"/>
</kw>
<kw name="waitUntilElementIsEnabledAndClick" library="keywords">
<arg>//option[text()='${model_name}']</arg>
<arg>Modelname-${model_name}</arg>
<kw name="checkWebElementIsVisibleAndIsEnabled" library="keywords">
<arg>${element_locator}</arg>
<kw name="Set Selenium Timeout" library="SeleniumLibrary">
<arg>${long_wait_time}</arg>
<doc>Sets the timeout that is used by various keywords.</doc>
<status status="PASS" starttime="20221007 17:07:08.619" endtime="20221007 17:07:08.621"/>
</kw>
<kw name="Wait Until Element Is Visible" library="SeleniumLibrary">
<arg>${webElement}</arg>
<doc>Waits until the element ``locator`` is visible.</doc>
<status status="PASS" starttime="20221007 17:07:08.621" endtime="20221007 17:07:08.655"/>
</kw>
<kw name="Wait Until Element Is Enabled" library="SeleniumLibrary">
<arg>${webElement}</arg>
<doc>Waits until the element ``locator`` is enabled.</doc>
<status status="PASS" starttime="20221007 17:07:08.656" endtime="20221007 17:07:08.700"/>
</kw>
<kw name="Set Selenium Timeout" library="SeleniumLibrary">
<arg>${short_wait_time}</arg>
<doc>Sets the timeout that is used by various keywords.</doc>
<status status="PASS" starttime="20221007 17:07:08.700" endtime="20221007 17:07:08.703"/>
</kw>
<status status="PASS" starttime="20221007 17:07:08.618" endtime="20221007 17:07:08.703"/>
</kw>
<kw name="Element Should Be Enabled" library="SeleniumLibrary">
<arg>${element_locator}</arg>
<doc>Verifies that element identified by ``locator`` is enabled.</doc>
<status status="PASS" starttime="20221007 17:07:08.704" endtime="20221007 17:07:08.742"/>
</kw>
<kw name="Click Element" library="SeleniumLibrary">
<arg>${element_locator}</arg>
<doc>Click the element identified by ``locator``.</doc>
<msg timestamp="20221007 17:07:08.742" level="INFO">Clicking element '//option[text()='model1_pls']'.</msg>
<status status="PASS" starttime="20221007 17:07:08.742" endtime="20221007 17:07:08.802"/>
</kw>
<kw name="Log To Console" library="BuiltIn">
<arg>'${output_msg}' Clicked</arg>
<doc>Logs the given message to the console.</doc>
<status status="PASS" starttime="20221007 17:07:08.803" endtime="20221007 17:07:08.804"/>
</kw>
<kw name="Set Selenium Timeout" library="SeleniumLibrary">
<arg>${short_wait_time}</arg>
<doc>Sets the timeout that is used by various keywords.</doc>
<status status="PASS" starttime="20221007 17:07:08.804" endtime="20221007 17:07:08.807"/>
</kw>
<status status="PASS" starttime="20221007 17:07:08.616" endtime="20221007 17:07:08.807"/>
</kw>
<kw name="Log To Console" library="BuiltIn">
<arg>!------Model-${model_name} selected-----------!</arg>
<doc>Logs the given message to the console.</doc>
<status status="PASS" starttime="20221007 17:07:08.808" endtime="20221007 17:07:08.808"/>
</kw>
<kw name="waitUntilElementIsEnabledAndClick" library="keywords">
<arg>${analyze_btn}</arg>
<arg>Analyze-Btn</arg>
<kw name="checkWebElementIsVisibleAndIsEnabled" library="keywords">
<arg>${element_locator}</arg>
<kw name="Set Selenium Timeout" library="SeleniumLibrary">
<arg>${long_wait_time}</arg>
<doc>Sets the timeout that is used by various keywords.</doc>
<status status="PASS" starttime="20221007 17:07:08.810" endtime="20221007 17:07:08.813"/>
</kw>
<kw name="Wait Until Element Is Visible" library="SeleniumLibrary">
<arg>${webElement}</arg>
<doc>Waits until the element ``locator`` is visible.</doc>
<status status="PASS" starttime="20221007 17:07:08.813" endtime="20221007 17:07:08.848"/>
</kw>
<kw name="Wait Until Element Is Enabled" library="SeleniumLibrary">
<arg>${webElement}</arg>
<doc>Waits until the element ``locator`` is enabled.</doc>
<status status="PASS" starttime="20221007 17:07:08.848" endtime="20221007 17:07:08.889"/>
</kw>
<kw name="Set Selenium Timeout" library="SeleniumLibrary">
<arg>${short_wait_time}</arg>
<doc>Sets the timeout that is used by various keywords.</doc>
<status status="PASS" starttime="20221007 17:07:08.889" endtime="20221007 17:07:08.889"/>
</kw>
<status status="PASS" starttime="20221007 17:07:08.810" endtime="20221007 17:07:08.889"/>
</kw>
<kw name="Element Should Be Enabled" library="SeleniumLibrary">
<arg>${element_locator}</arg>
<doc>Verifies that element identified by ``locator`` is enabled.</doc>
<status status="PASS" starttime="20221007 17:07:08.889" endtime="20221007 17:07:08.928"/>
</kw>
<kw name="Click Element" library="SeleniumLibrary">
<arg>${element_locator}</arg>
<doc>Click the element identified by ``locator``.</doc>
<msg timestamp="20221007 17:07:08.928" level="INFO">Clicking element 'xpath=//button[@type='submit']'.</msg>
<status status="PASS" starttime="20221007 17:07:08.928" endtime="20221007 17:07:08.989"/>
</kw>
<kw name="Log To Console" library="BuiltIn">
<arg>'${output_msg}' Clicked</arg>
<doc>Logs the given message to the console.</doc>
<status status="PASS" starttime="20221007 17:07:08.989" endtime="20221007 17:07:08.990"/>
</kw>
<kw name="Set Selenium Timeout" library="SeleniumLibrary">
<arg>${short_wait_time}</arg>
<doc>Sets the timeout that is used by various keywords.</doc>
<status status="PASS" starttime="20221007 17:07:08.990" endtime="20221007 17:07:08.992"/>
</kw>
<status status="PASS" starttime="20221007 17:07:08.809" endtime="20221007 17:07:08.993"/>
</kw>
<kw name="Alert Should Be Present" library="SeleniumLibrary">
<arg>File Uploaded Successfully....Processing Result!</arg>
<doc>Verifies that an alert is present and by default, accepts it.</doc>
<msg timestamp="20221007 17:07:08.993" level="INFO">HANDLE::&lt;class 'NoneType'&gt;::None</msg>
<status status="PASS" starttime="20221007 17:07:08.993" endtime="20221007 17:07:09.497"/>
</kw>
<kw name="Log To Console" library="BuiltIn">
<arg>!--------File uploaded and request processed ----------!</arg>
<doc>Logs the given message to the console.</doc>
<status status="PASS" starttime="20221007 17:07:09.497" endtime="20221007 17:07:09.497"/>
</kw>
<kw name="Wait Until Element Is Visible" library="SeleniumLibrary">
<arg>${analysis_report}</arg>
<doc>Waits until the element ``locator`` is visible.</doc>
<status status="PASS" starttime="20221007 17:07:09.497" endtime="20221007 17:07:09.734"/>
</kw>
<kw name="Page Should Contain Element" library="SeleniumLibrary">
<arg>${analysis_report}</arg>
<doc>Verifies that element ``locator`` is found on the current page.</doc>
<msg timestamp="20221007 17:07:09.748" level="INFO">Current page contains element 'xpath=//h1[text()='Analysis Result']'.</msg>
<status status="PASS" starttime="20221007 17:07:09.734" endtime="20221007 17:07:09.748"/>
</kw>
<kw name="Log To Console" library="BuiltIn">
<arg>!---Analysis report generated successfully-----------!</arg>
<doc>Logs the given message to the console.</doc>
<status status="PASS" starttime="20221007 17:07:09.748" endtime="20221007 17:07:09.749"/>
</kw>
<status status="PASS" starttime="20221007 17:07:07.797" endtime="20221007 17:07:09.749"/>
</kw>
<kw name="Close All Browsers" library="SeleniumLibrary" type="TEARDOWN">
<doc>Closes all open browsers and resets the browser cache.</doc>
<status status="PASS" starttime="20221007 17:07:09.750" endtime="20221007 17:07:11.843"/>
</kw>
<status status="PASS" starttime="20221007 17:07:03.981" endtime="20221007 17:07:11.843"/>
</test>
<status status="PASS" starttime="20221007 17:06:43.663" endtime="20221007 17:07:11.843"/>
</suite>
<statistics>
<total>
<stat pass="4" fail="0" skip="0">All Tests</stat>
</total>
<tag>
</tag>
<suite>
<stat pass="4" fail="0" skip="0" id="s1" name="CDA Testsuite">CDA Testsuite</stat>
</suite>
</statistics>
<errors>
</errors>
</robot>
